<?xml version="1.0" encoding="UTF-8"?>
<!-- Generated by org.testng.reporters.JUnitXMLReporter -->
<testsuite hostname="m-PC" ignored="0" name="Test" tests="12" failures="0" timestamp="2020-05-12T18:02:44 IST" time="0.176" errors="0">
  <testcase name="test1" time="0.018" classname="com.qa.tests.DemoTest1"/>
  <testcase name="test2" time="0.004" classname="com.qa.tests.DemoTest1"/>
  <testcase name="test3" time="0.002" classname="com.qa.tests.DemoTest1"/>
  <testcase name="test4" time="0.003" classname="com.qa.tests.DemoTest1"/>
  <testcase name="test1" time="0.002" classname="com.qa.tests.DemoTest2"/>
  <testcase name="test2" time="0.002" classname="com.qa.tests.DemoTest2"/>
  <testcase name="test3" time="0.003" classname="com.qa.tests.DemoTest2"/>
  <testcase name="test4" time="0.003" classname="com.qa.tests.DemoTest2"/>
  <testcase name="test1" time="0.003" classname="com.qa.tests.DemoTest3"/>
  <testcase name="test2" time="0.003" classname="com.qa.tests.DemoTest3"/>
  <testcase name="test3" time="0.002" classname="com.qa.tests.DemoTest3"/>
  <testcase name="test4" time="0.002" classname="com.qa.tests.DemoTest3"/>
</testsuite> <!-- Test -->
