<?xml version="1.0" encoding="UTF-8"?>
<testng-results skipped="0" failed="0" ignored="0" total="12" passed="12">
  <reporter-output>
  </reporter-output>
  <suite name="Suite" duration-ms="176" started-at="2020-05-12T18:02:43 IST" finished-at="2020-05-12T18:02:44 IST">
    <groups>
      <group name="lokesh">
        <method signature="DemoTest1.test2()[pri:0, instance:com.qa.tests.DemoTest1@6e6c3152]" name="test2" class="com.qa.tests.DemoTest1"/>
      </group> <!-- lokesh -->
    </groups>
    <test name="Test" duration-ms="176" started-at="2020-05-12T18:02:43 IST" finished-at="2020-05-12T18:02:44 IST">
      <class name="com.qa.tests.DemoTest3">
        <test-method status="PASS" signature="test1()[pri:0, instance:com.qa.tests.DemoTest3@3cef309d]" name="test1" duration-ms="3" started-at="2020-05-12T18:02:43 IST" finished-at="2020-05-12T18:02:43 IST">
          <reporter-output>
          </reporter-output>
        </test-method> <!-- test1 -->
        <test-method status="PASS" signature="test2()[pri:0, instance:com.qa.tests.DemoTest3@3cef309d]" name="test2" duration-ms="3" started-at="2020-05-12T18:02:43 IST" finished-at="2020-05-12T18:02:43 IST">
          <reporter-output>
          </reporter-output>
        </test-method> <!-- test2 -->
        <test-method status="PASS" signature="test3()[pri:0, instance:com.qa.tests.DemoTest3@3cef309d]" name="test3" duration-ms="2" started-at="2020-05-12T18:02:43 IST" finished-at="2020-05-12T18:02:43 IST">
          <reporter-output>
          </reporter-output>
        </test-method> <!-- test3 -->
        <test-method status="PASS" signature="test4()[pri:0, instance:com.qa.tests.DemoTest3@3cef309d]" name="test4" duration-ms="2" started-at="2020-05-12T18:02:44 IST" finished-at="2020-05-12T18:02:44 IST">
          <reporter-output>
          </reporter-output>
        </test-method> <!-- test4 -->
      </class> <!-- com.qa.tests.DemoTest3 -->
      <class name="com.qa.tests.DemoTest1">
        <test-method status="PASS" signature="test1()[pri:0, instance:com.qa.tests.DemoTest1@6e6c3152]" name="test1" duration-ms="18" started-at="2020-05-12T18:02:43 IST" finished-at="2020-05-12T18:02:43 IST">
          <reporter-output>
          </reporter-output>
        </test-method> <!-- test1 -->
        <test-method status="PASS" signature="test2()[pri:0, instance:com.qa.tests.DemoTest1@6e6c3152]" name="test2" duration-ms="4" started-at="2020-05-12T18:02:43 IST" finished-at="2020-05-12T18:02:43 IST">
          <reporter-output>
          </reporter-output>
        </test-method> <!-- test2 -->
        <test-method status="PASS" signature="test3()[pri:0, instance:com.qa.tests.DemoTest1@6e6c3152]" name="test3" duration-ms="2" started-at="2020-05-12T18:02:43 IST" finished-at="2020-05-12T18:02:43 IST">
          <reporter-output>
          </reporter-output>
        </test-method> <!-- test3 -->
        <test-method status="PASS" signature="test4()[pri:0, instance:com.qa.tests.DemoTest1@6e6c3152]" name="test4" duration-ms="3" started-at="2020-05-12T18:02:43 IST" finished-at="2020-05-12T18:02:43 IST">
          <reporter-output>
          </reporter-output>
        </test-method> <!-- test4 -->
      </class> <!-- com.qa.tests.DemoTest1 -->
      <class name="com.qa.tests.DemoTest2">
        <test-method status="PASS" signature="test1()[pri:0, instance:com.qa.tests.DemoTest2@50b494a6]" name="test1" duration-ms="2" started-at="2020-05-12T18:02:43 IST" finished-at="2020-05-12T18:02:43 IST">
          <reporter-output>
          </reporter-output>
        </test-method> <!-- test1 -->
        <test-method status="PASS" signature="test2()[pri:0, instance:com.qa.tests.DemoTest2@50b494a6]" name="test2" duration-ms="2" started-at="2020-05-12T18:02:43 IST" finished-at="2020-05-12T18:02:43 IST">
          <reporter-output>
          </reporter-output>
        </test-method> <!-- test2 -->
        <test-method status="PASS" signature="test3()[pri:0, instance:com.qa.tests.DemoTest2@50b494a6]" name="test3" duration-ms="3" started-at="2020-05-12T18:02:43 IST" finished-at="2020-05-12T18:02:43 IST">
          <reporter-output>
          </reporter-output>
        </test-method> <!-- test3 -->
        <test-method status="PASS" signature="test4()[pri:0, instance:com.qa.tests.DemoTest2@50b494a6]" name="test4" duration-ms="3" started-at="2020-05-12T18:02:43 IST" finished-at="2020-05-12T18:02:43 IST">
          <reporter-output>
          </reporter-output>
        </test-method> <!-- test4 -->
      </class> <!-- com.qa.tests.DemoTest2 -->
    </test> <!-- Test -->
  </suite> <!-- Suite -->
</testng-results>
